<?xml version="1.0" encoding="UTF-8"?>
<!-- Generated by org.testng.reporters.JUnitXMLReporter -->
<testsuite hostname="IN-PG02H7X8" ignored="0" name="Sequential Testing" tests="10" failures="0" timestamp="2023-05-02T09:05:28 IST" time="178.133" errors="0">
  <testcase name="BagButtonTest" time="4.722" classname="com.magento.test.GearTest"/>
  <testcase name="FitnessEquipmentButtonTest" time="4.732" classname="com.magento.test.GearTest"/>
  <testcase name="WatchesButtonTest" time="4.572" classname="com.magento.test.GearTest"/>
  <testcase name="WomenButtonTest" time="3.146" classname="com.magento.test.HomeTest"/>
  <testcase name="BagsLinkTest" time="4.54" classname="com.magento.test.SaleTest"/>
  <testcase name="FitnessEquipmentLinkTest" time="4.327" classname="com.magento.test.SaleTest"/>
  <testcase name="invalidSearchTest" time="2.461" classname="com.magento.test.SearchTest"/>
  <testcase name="invalidSearchTest" time="2.317" classname="com.magento.test.SearchTest"/>
  <testcase name="validSearchTest" time="3.323" classname="com.magento.test.SearchTest"/>
  <testcase name="validSearchTest" time="4.076" classname="com.magento.test.SearchTest"/>
</testsuite> <!-- Sequential Testing -->
