<?xml version="1.0" encoding="UTF-8"?>
<!-- Generated by org.testng.reporters.JUnitXMLReporter -->
<testsuite ignored="0" hostname="IN-PG02H7X8" failures="0" tests="10" name="Default test" time="171.152" errors="0" timestamp="2023-08-01T20:30:31 IST">
  <testcase classname="com.magento.test.HomeTest" name="WomenButtonTest" time="3.51"/>
  <testcase classname="com.magento.test.SearchTest" name="invalidSearchTest" time="2.271"/>
  <testcase classname="com.magento.test.SearchTest" name="invalidSearchTest" time="2.088"/>
  <testcase classname="com.magento.test.SearchTest" name="validSearchTest" time="1.99"/>
  <testcase classname="com.magento.test.SearchTest" name="validSearchTest" time="3.809"/>
  <testcase classname="com.magento.test.SaleTest" name="BagsLinkTest" time="5.9"/>
  <testcase classname="com.magento.test.SaleTest" name="FitnessEquipmentLinkTest" time="5.06"/>
  <testcase classname="com.magento.test.GearTest" name="BagButtonTest" time="5.599"/>
  <testcase classname="com.magento.test.GearTest" name="FitnessEquipmentButtonTest" time="5.448"/>
  <testcase classname="com.magento.test.GearTest" name="WatchesButtonTest" time="4.407"/>
</testsuite> <!-- Default test -->
