<?xml version="1.0" encoding="UTF-8"?>
<!-- Generated by org.testng.reporters.JUnitXMLReporter -->
<testsuite ignored="0" hostname="IN-PG02H7X8" failures="0" tests="10" name="Test" time="79.849" errors="0" timestamp="2023-04-29T22:22:17 IST">
  <testcase classname="com.magento.test.HomeTest" name="WomenButtonTest" time="2.008"/>
  <testcase classname="com.magento.test.SearchTest" name="invalidSearchTest" time="2.282"/>
  <testcase classname="com.magento.test.SaleTest" name="BagsLinkTest" time="3.119"/>
  <testcase classname="com.magento.test.GearTest" name="BagButtonTest" time="9.053"/>
  <testcase classname="com.magento.test.SearchTest" name="invalidSearchTest" time="4.832"/>
  <testcase classname="com.magento.test.SaleTest" name="FitnessEquipmentLinkTest" time="9.06"/>
  <testcase classname="com.magento.test.GearTest" name="FitnessEquipmentButtonTest" time="6.258"/>
  <testcase classname="com.magento.test.SearchTest" name="validSearchTest" time="4.18"/>
  <testcase classname="com.magento.test.GearTest" name="WatchesButtonTest" time="4.292"/>
  <testcase classname="com.magento.test.SearchTest" name="validSearchTest" time="7.465"/>
</testsuite> <!-- Test -->
