<?xml version="1.0" encoding="UTF-8"?>
<!-- Generated by org.testng.reporters.JUnitXMLReporter -->
<testsuite ignored="0" hostname="IN-PG02H7X8" failures="0" tests="10" name="Command line test" time="173.884" errors="0" timestamp="2023-08-02T12:33:02 IST">
  <testcase classname="com.magento.test.GearTest" name="BagButtonTest" time="5.96"/>
  <testcase classname="com.magento.test.GearTest" name="FitnessEquipmentButtonTest" time="5.326"/>
  <testcase classname="com.magento.test.GearTest" name="WatchesButtonTest" time="5.606"/>
  <testcase classname="com.magento.test.HomeTest" name="WomenButtonTest" time="3.471"/>
  <testcase classname="com.magento.test.SaleTest" name="BagsLinkTest" time="6.544"/>
  <testcase classname="com.magento.test.SaleTest" name="FitnessEquipmentLinkTest" time="5.268"/>
  <testcase classname="com.magento.test.SearchTest" name="invalidSearchTest" time="1.889"/>
  <testcase classname="com.magento.test.SearchTest" name="invalidSearchTest" time="2.5"/>
  <testcase classname="com.magento.test.SearchTest" name="validSearchTest" time="3.624"/>
  <testcase classname="com.magento.test.SearchTest" name="validSearchTest" time="3.04"/>
</testsuite> <!-- Command line test -->
