<?xml version="1.0" encoding="UTF-8"?>
<!-- Generated by org.testng.reporters.JUnitXMLReporter -->
<testsuite ignored="0" hostname="IN-PG02H7X8" failures="0" tests="10" name="Test" time="169.661" errors="0" timestamp="2023-08-02T10:21:39 IST">
  <testcase classname="com.magento.test.SaleTest" name="BagsLinkTest" time="4.812"/>
  <testcase classname="com.magento.test.SaleTest" name="FitnessEquipmentLinkTest" time="5.095"/>
  <testcase classname="com.magento.test.GearTest" name="BagButtonTest" time="6.107"/>
  <testcase classname="com.magento.test.GearTest" name="FitnessEquipmentButtonTest" time="5.278"/>
  <testcase classname="com.magento.test.GearTest" name="WatchesButtonTest" time="4.044"/>
  <testcase classname="com.magento.test.SearchTest" name="invalidSearchTest" time="2.282"/>
  <testcase classname="com.magento.test.SearchTest" name="invalidSearchTest" time="1.916"/>
  <testcase classname="com.magento.test.SearchTest" name="validSearchTest" time="4.228"/>
  <testcase classname="com.magento.test.SearchTest" name="validSearchTest" time="6.466"/>
  <testcase classname="com.magento.test.HomeTest" name="WomenButtonTest" time="3.291"/>
</testsuite> <!-- Test -->
