<?xml version="1.0" encoding="UTF-8"?>
<!-- Generated by org.testng.reporters.JUnitXMLReporter -->
<testsuite hostname="IN-PG02H7X8" ignored="0" name="Test" tests="10" failures="0" timestamp="2023-07-26T11:52:48 IST" time="158.803" errors="0">
  <testcase name="BagsLinkTest" time="5.12" classname="com.magento.test.SaleTest"/>
  <testcase name="FitnessEquipmentLinkTest" time="4.992" classname="com.magento.test.SaleTest"/>
  <testcase name="BagButtonTest" time="5.159" classname="com.magento.test.GearTest"/>
  <testcase name="FitnessEquipmentButtonTest" time="4.812" classname="com.magento.test.GearTest"/>
  <testcase name="WatchesButtonTest" time="6.12" classname="com.magento.test.GearTest"/>
  <testcase name="invalidSearchTest" time="2.633" classname="com.magento.test.SearchTest"/>
  <testcase name="invalidSearchTest" time="2.657" classname="com.magento.test.SearchTest"/>
  <testcase name="validSearchTest" time="2.266" classname="com.magento.test.SearchTest"/>
  <testcase name="validSearchTest" time="3.441" classname="com.magento.test.SearchTest"/>
  <testcase name="WomenButtonTest" time="3.078" classname="com.magento.test.HomeTest"/>
</testsuite> <!-- Test -->
