<?xml version="1.0" encoding="UTF-8"?>
<!-- Generated by org.testng.reporters.JUnitXMLReporter -->
<testsuite hostname="IN-PG02H7X8" ignored="0" name="Parallel Testing" tests="10" failures="0" timestamp="2023-05-02T09:19:57 IST" time="131.739" errors="0">
  <testcase name="WomenButtonTest" time="6.717" classname="com.magento.test.HomeTest"/>
  <testcase name="invalidSearchTest" time="11.158" classname="com.magento.test.SearchTest"/>
  <testcase name="BagButtonTest" time="13.048" classname="com.magento.test.GearTest"/>
  <testcase name="BagsLinkTest" time="14.696" classname="com.magento.test.SaleTest"/>
  <testcase name="invalidSearchTest" time="7.77" classname="com.magento.test.SearchTest"/>
  <testcase name="FitnessEquipmentLinkTest" time="11.508" classname="com.magento.test.SaleTest"/>
  <testcase name="FitnessEquipmentButtonTest" time="12.506" classname="com.magento.test.GearTest"/>
  <testcase name="WatchesButtonTest" time="12.054" classname="com.magento.test.GearTest"/>
  <testcase name="validSearchTest" time="9.858" classname="com.magento.test.SearchTest"/>
  <testcase name="validSearchTest" time="5.578" classname="com.magento.test.SearchTest"/>
</testsuite> <!-- Parallel Testing -->
