<?xml version="1.0" encoding="UTF-8" ?>
<testsuite tests="10" failures="0" name="TestSuite" time="43.226" errors="0" skipped="0">
  <properties>
[...]
</properties>
  <testcase classname="com.magento.test.GearTest" name="BagButtonTest" time="5.961"/>
  <testcase classname="com.magento.test.GearTest" name="FitnessEquipmentButtonTest" time="5.326"/>
  <testcase classname="com.magento.test.GearTest" name="WatchesButtonTest" time="5.605"/>
  <testcase classname="com.magento.test.HomeTest" name="WomenButtonTest" time="3.47"/>
  <testcase classname="com.magento.test.SaleTest" name="BagsLinkTest" time="6.543"/>
  <testcase classname="com.magento.test.SaleTest" name="FitnessEquipmentLinkTest" time="5.268"/>
  <testcase classname="com.magento.test.SearchTest" name="invalidSearchTest" time="1.89"/>
  <testcase classname="com.magento.test.SearchTest" name="invalidSearchTest" time="2.499"/>
  <testcase classname="com.magento.test.SearchTest" name="validSearchTest" time="3.624"/>
  <testcase classname="com.magento.test.SearchTest" name="validSearchTest" time="3.04"/>
</testsuite>