<?xml version="1.0" encoding="UTF-8"?>
<testng-results ignored="0" total="10" passed="9" failed="1" skipped="0">
  <reporter-output>
  </reporter-output>
  <suite started-at="2023-08-10T00:19:35 IST" name="Command line suite" finished-at="2023-08-10T00:22:44 IST" duration-ms="188627">
    <groups>
      <group name="Integration">
        <method signature="GearTest.BagButtonTest()[pri:0, instance:com.magento.test.GearTest@61fe30]" name="BagButtonTest" class="com.magento.test.GearTest"/>
        <method signature="GearTest.FitnessEquipmentButtonTest()[pri:0, instance:com.magento.test.GearTest@61fe30]" name="FitnessEquipmentButtonTest" class="com.magento.test.GearTest"/>
        <method signature="GearTest.WatchesButtonTest()[pri:0, instance:com.magento.test.GearTest@61fe30]" name="WatchesButtonTest" class="com.magento.test.GearTest"/>
        <method signature="HomeTest.WomenButtonTest()[pri:0, instance:com.magento.test.HomeTest@7ae42ce3]" name="WomenButtonTest" class="com.magento.test.HomeTest"/>
        <method signature="SaleTest.BagsLinkTest()[pri:0, instance:com.magento.test.SaleTest@4f5991f6]" name="BagsLinkTest" class="com.magento.test.SaleTest"/>
        <method signature="SaleTest.FitnessEquipmentLinkTest()[pri:0, instance:com.magento.test.SaleTest@4f5991f6]" name="FitnessEquipmentLinkTest" class="com.magento.test.SaleTest"/>
        <method signature="SearchTest.invalidSearchTest(java.lang.String)[pri:0, instance:com.magento.test.SearchTest@484094a5]" name="invalidSearchTest" class="com.magento.test.SearchTest"/>
        <method signature="SearchTest.validSearchTest(java.lang.String)[pri:0, instance:com.magento.test.SearchTest@484094a5]" name="validSearchTest" class="com.magento.test.SearchTest"/>
      </group> <!-- Integration -->
      <group name="smoke">
        <method signature="GearTest.BagButtonTest()[pri:0, instance:com.magento.test.GearTest@61fe30]" name="BagButtonTest" class="com.magento.test.GearTest"/>
        <method signature="GearTest.FitnessEquipmentButtonTest()[pri:0, instance:com.magento.test.GearTest@61fe30]" name="FitnessEquipmentButtonTest" class="com.magento.test.GearTest"/>
        <method signature="GearTest.WatchesButtonTest()[pri:0, instance:com.magento.test.GearTest@61fe30]" name="WatchesButtonTest" class="com.magento.test.GearTest"/>
        <method signature="HomeTest.WomenButtonTest()[pri:0, instance:com.magento.test.HomeTest@7ae42ce3]" name="WomenButtonTest" class="com.magento.test.HomeTest"/>
        <method signature="SaleTest.BagsLinkTest()[pri:0, instance:com.magento.test.SaleTest@4f5991f6]" name="BagsLinkTest" class="com.magento.test.SaleTest"/>
        <method signature="SaleTest.FitnessEquipmentLinkTest()[pri:0, instance:com.magento.test.SaleTest@4f5991f6]" name="FitnessEquipmentLinkTest" class="com.magento.test.SaleTest"/>
        <method signature="SearchTest.validSearchTest(java.lang.String)[pri:0, instance:com.magento.test.SearchTest@484094a5]" name="validSearchTest" class="com.magento.test.SearchTest"/>
      </group> <!-- smoke -->
      <group name="sanity">
        <method signature="GearTest.BagButtonTest()[pri:0, instance:com.magento.test.GearTest@61fe30]" name="BagButtonTest" class="com.magento.test.GearTest"/>
        <method signature="HomeTest.WomenButtonTest()[pri:0, instance:com.magento.test.HomeTest@7ae42ce3]" name="WomenButtonTest" class="com.magento.test.HomeTest"/>
        <method signature="SaleTest.FitnessEquipmentLinkTest()[pri:0, instance:com.magento.test.SaleTest@4f5991f6]" name="FitnessEquipmentLinkTest" class="com.magento.test.SaleTest"/>
        <method signature="SearchTest.validSearchTest(java.lang.String)[pri:0, instance:com.magento.test.SearchTest@484094a5]" name="validSearchTest" class="com.magento.test.SearchTest"/>
      </group> <!-- sanity -->
    </groups>
    <test started-at="2023-08-10T00:19:35 IST" name="Command line test" finished-at="2023-08-10T00:22:44 IST" duration-ms="188627">
      <class name="com.magento.test.SearchTest">
        <test-method is-config="true" signature="inializeDriver()[pri:0, instance:com.magento.test.SearchTest@484094a5]" started-at="2023-08-10T00:21:29 IST" name="inializeDriver" finished-at="2023-08-10T00:21:31 IST" duration-ms="1820" status="PASS">
          <reporter-output>
          </reporter-output>
        </test-method> <!-- inializeDriver -->
        <test-method is-config="true" signature="openUrl()[pri:0, instance:com.magento.test.SearchTest@484094a5]" started-at="2023-08-10T00:21:31 IST" name="openUrl" finished-at="2023-08-10T00:21:41 IST" duration-ms="9608" status="PASS">
          <reporter-output>
          </reporter-output>
        </test-method> <!-- openUrl -->
        <test-method signature="invalidSearchTest(java.lang.String)[pri:0, instance:com.magento.test.SearchTest@484094a5]" started-at="2023-08-10T00:21:41 IST" name="invalidSearchTest" description="Verify Search functionality for Invalid Search" data-provider="Invalid Search" finished-at="2023-08-10T00:21:43 IST" duration-ms="2628" status="PASS">
          <params>
            <param index="0">
              <value>
                <![CDATA[5yre]]>
              </value>
            </param>
          </params>
          <reporter-output>
          </reporter-output>
        </test-method> <!-- invalidSearchTest -->
        <test-method is-config="true" signature="close()[pri:0, instance:com.magento.test.SearchTest@484094a5]" started-at="2023-08-10T00:21:43 IST" name="close" finished-at="2023-08-10T00:21:43 IST" duration-ms="321" status="PASS">
          <reporter-output>
          </reporter-output>
        </test-method> <!-- close -->
        <test-method is-config="true" signature="inializeDriver()[pri:0, instance:com.magento.test.SearchTest@484094a5]" started-at="2023-08-10T00:21:43 IST" name="inializeDriver" finished-at="2023-08-10T00:21:46 IST" duration-ms="2297" status="PASS">
          <reporter-output>
          </reporter-output>
        </test-method> <!-- inializeDriver -->
        <test-method is-config="true" signature="openUrl()[pri:0, instance:com.magento.test.SearchTest@484094a5]" started-at="2023-08-10T00:21:46 IST" name="openUrl" finished-at="2023-08-10T00:21:54 IST" duration-ms="7973" status="PASS">
          <reporter-output>
          </reporter-output>
        </test-method> <!-- openUrl -->
        <test-method signature="invalidSearchTest(java.lang.String)[pri:0, instance:com.magento.test.SearchTest@484094a5]" started-at="2023-08-10T00:21:54 IST" name="invalidSearchTest" description="Verify Search functionality for Invalid Search" data-provider="Invalid Search" finished-at="2023-08-10T00:21:56 IST" duration-ms="2346" status="PASS">
          <params>
            <param index="0">
              <value>
                <![CDATA[Jaccket]]>
              </value>
            </param>
          </params>
          <reporter-output>
          </reporter-output>
        </test-method> <!-- invalidSearchTest -->
        <test-method is-config="true" signature="close()[pri:0, instance:com.magento.test.SearchTest@484094a5]" started-at="2023-08-10T00:21:56 IST" name="close" finished-at="2023-08-10T00:21:57 IST" duration-ms="651" status="PASS">
          <reporter-output>
          </reporter-output>
        </test-method> <!-- close -->
        <test-method is-config="true" signature="inializeDriver()[pri:0, instance:com.magento.test.SearchTest@484094a5]" started-at="2023-08-10T00:21:57 IST" name="inializeDriver" finished-at="2023-08-10T00:22:00 IST" duration-ms="2900" status="PASS">
          <reporter-output>
          </reporter-output>
        </test-method> <!-- inializeDriver -->
        <test-method is-config="true" signature="openUrl()[pri:0, instance:com.magento.test.SearchTest@484094a5]" started-at="2023-08-10T00:22:00 IST" name="openUrl" finished-at="2023-08-10T00:22:10 IST" duration-ms="10087" status="PASS">
          <reporter-output>
          </reporter-output>
        </test-method> <!-- openUrl -->
        <test-method signature="validSearchTest(java.lang.String)[pri:0, instance:com.magento.test.SearchTest@484094a5]" started-at="2023-08-10T00:22:10 IST" name="validSearchTest" description="Verify Search functionality for Valid Search" data-provider="Valid Search" finished-at="2023-08-10T00:22:15 IST" duration-ms="4974" status="PASS">
          <params>
            <param index="0">
              <value>
                <![CDATA[jacket]]>
              </value>
            </param>
          </params>
          <reporter-output>
          </reporter-output>
        </test-method> <!-- validSearchTest -->
        <test-method is-config="true" signature="close()[pri:0, instance:com.magento.test.SearchTest@484094a5]" started-at="2023-08-10T00:22:15 IST" name="close" finished-at="2023-08-10T00:22:16 IST" duration-ms="1704" status="PASS">
          <reporter-output>
          </reporter-output>
        </test-method> <!-- close -->
        <test-method is-config="true" signature="inializeDriver()[pri:0, instance:com.magento.test.SearchTest@484094a5]" started-at="2023-08-10T00:22:16 IST" name="inializeDriver" finished-at="2023-08-10T00:22:22 IST" duration-ms="5230" status="PASS">
          <reporter-output>
          </reporter-output>
        </test-method> <!-- inializeDriver -->
        <test-method is-config="true" signature="openUrl()[pri:0, instance:com.magento.test.SearchTest@484094a5]" started-at="2023-08-10T00:22:22 IST" name="openUrl" finished-at="2023-08-10T00:22:34 IST" duration-ms="12367" status="PASS">
          <reporter-output>
          </reporter-output>
        </test-method> <!-- openUrl -->
        <test-method signature="validSearchTest(java.lang.String)[pri:0, instance:com.magento.test.SearchTest@484094a5]" started-at="2023-08-10T00:22:34 IST" name="validSearchTest" description="Verify Search functionality for Valid Search" data-provider="Valid Search" finished-at="2023-08-10T00:22:42 IST" duration-ms="7652" status="PASS">
          <params>
            <param index="0">
              <value>
                <![CDATA[Bag]]>
              </value>
            </param>
          </params>
          <reporter-output>
          </reporter-output>
        </test-method> <!-- validSearchTest -->
        <test-method is-config="true" signature="close()[pri:0, instance:com.magento.test.SearchTest@484094a5]" started-at="2023-08-10T00:22:42 IST" name="close" finished-at="2023-08-10T00:22:44 IST" duration-ms="2463" status="PASS">
          <reporter-output>
          </reporter-output>
        </test-method> <!-- close -->
      </class> <!-- com.magento.test.SearchTest -->
      <class name="com.magento.test.SaleTest">
        <test-method is-config="true" signature="inializeDriver()[pri:0, instance:com.magento.test.SaleTest@4f5991f6]" started-at="2023-08-10T00:21:01 IST" name="inializeDriver" finished-at="2023-08-10T00:21:03 IST" duration-ms="2480" status="PASS">
          <reporter-output>
          </reporter-output>
        </test-method> <!-- inializeDriver -->
        <test-method is-config="true" signature="openUrl()[pri:0, instance:com.magento.test.SaleTest@4f5991f6]" started-at="2023-08-10T00:21:03 IST" name="openUrl" finished-at="2023-08-10T00:21:12 IST" duration-ms="9070" status="PASS">
          <reporter-output>
          </reporter-output>
        </test-method> <!-- openUrl -->
        <test-method signature="BagsLinkTest()[pri:0, instance:com.magento.test.SaleTest@4f5991f6]" started-at="2023-08-10T00:21:12 IST" name="BagsLinkTest" description="Verify Bags Link on Sale Page" finished-at="2023-08-10T00:21:16 IST" duration-ms="3813" status="PASS">
          <reporter-output>
          </reporter-output>
        </test-method> <!-- BagsLinkTest -->
        <test-method is-config="true" signature="close()[pri:0, instance:com.magento.test.SaleTest@4f5991f6]" started-at="2023-08-10T00:21:16 IST" name="close" finished-at="2023-08-10T00:21:17 IST" duration-ms="331" status="PASS">
          <reporter-output>
          </reporter-output>
        </test-method> <!-- close -->
        <test-method is-config="true" signature="inializeDriver()[pri:0, instance:com.magento.test.SaleTest@4f5991f6]" started-at="2023-08-10T00:21:17 IST" name="inializeDriver" finished-at="2023-08-10T00:21:19 IST" duration-ms="2252" status="PASS">
          <reporter-output>
          </reporter-output>
        </test-method> <!-- inializeDriver -->
        <test-method is-config="true" signature="openUrl()[pri:0, instance:com.magento.test.SaleTest@4f5991f6]" started-at="2023-08-10T00:21:19 IST" name="openUrl" finished-at="2023-08-10T00:21:24 IST" duration-ms="5624" status="PASS">
          <reporter-output>
          </reporter-output>
        </test-method> <!-- openUrl -->
        <test-method signature="FitnessEquipmentLinkTest()[pri:0, instance:com.magento.test.SaleTest@4f5991f6]" started-at="2023-08-10T00:21:24 IST" name="FitnessEquipmentLinkTest" description="Verify Fitness-Equipment Link on Sale Page" finished-at="2023-08-10T00:21:29 IST" duration-ms="4243" status="PASS">
          <reporter-output>
          </reporter-output>
        </test-method> <!-- FitnessEquipmentLinkTest -->
        <test-method is-config="true" signature="close()[pri:0, instance:com.magento.test.SaleTest@4f5991f6]" started-at="2023-08-10T00:21:29 IST" name="close" finished-at="2023-08-10T00:21:29 IST" duration-ms="439" status="PASS">
          <reporter-output>
          </reporter-output>
        </test-method> <!-- close -->
      </class> <!-- com.magento.test.SaleTest -->
      <class name="com.magento.test.GearTest">
        <test-method is-config="true" signature="inializeDriver()[pri:0, instance:com.magento.test.GearTest@61fe30]" started-at="2023-08-10T00:19:36 IST" name="inializeDriver" finished-at="2023-08-10T00:19:45 IST" duration-ms="9710" status="PASS">
          <reporter-output>
          </reporter-output>
        </test-method> <!-- inializeDriver -->
        <test-method is-config="true" signature="openUrl()[pri:0, instance:com.magento.test.GearTest@61fe30]" started-at="2023-08-10T00:19:45 IST" name="openUrl" finished-at="2023-08-10T00:19:56 IST" duration-ms="10783" status="PASS">
          <reporter-output>
          </reporter-output>
        </test-method> <!-- openUrl -->
        <test-method signature="BagButtonTest()[pri:0, instance:com.magento.test.GearTest@61fe30]" started-at="2023-08-10T00:19:56 IST" name="BagButtonTest" description="Verify Bag Button on Gear Page" finished-at="2023-08-10T00:20:02 IST" duration-ms="5597" status="PASS">
          <reporter-output>
          </reporter-output>
        </test-method> <!-- BagButtonTest -->
        <test-method is-config="true" signature="close()[pri:0, instance:com.magento.test.GearTest@61fe30]" started-at="2023-08-10T00:20:02 IST" name="close" finished-at="2023-08-10T00:20:02 IST" duration-ms="352" status="PASS">
          <reporter-output>
          </reporter-output>
        </test-method> <!-- close -->
        <test-method is-config="true" signature="inializeDriver()[pri:0, instance:com.magento.test.GearTest@61fe30]" started-at="2023-08-10T00:20:02 IST" name="inializeDriver" finished-at="2023-08-10T00:20:04 IST" duration-ms="2003" status="PASS">
          <reporter-output>
          </reporter-output>
        </test-method> <!-- inializeDriver -->
        <test-method is-config="true" signature="openUrl()[pri:0, instance:com.magento.test.GearTest@61fe30]" started-at="2023-08-10T00:20:04 IST" name="openUrl" finished-at="2023-08-10T00:20:22 IST" duration-ms="17819" status="PASS">
          <reporter-output>
          </reporter-output>
        </test-method> <!-- openUrl -->
        <test-method signature="FitnessEquipmentButtonTest()[pri:0, instance:com.magento.test.GearTest@61fe30]" started-at="2023-08-10T00:20:22 IST" name="FitnessEquipmentButtonTest" description="Verify Fitness-Equipment Button on Gear Page" finished-at="2023-08-10T00:20:27 IST" duration-ms="5460" status="FAIL">
          <exception class="org.openqa.selenium.ElementNotInteractableException">
            <message>
              <![CDATA[element not interactable
  (Session info: MicrosoftEdge=115.0.1901.200)
Build info: version: '4.8.3', revision: 'e5e76298c3'
System info: os.name: 'Windows 10', os.arch: 'amd64', os.version: '10.0', java.version: '17.0.8'
Driver info: org.openqa.selenium.edge.EdgeDriver
Command: [e5c981975c0b6f52f6b95049eae86f66, clickElement {id=A911348DCCF97CCCC8EFF485689AF70B_element_5}]
Capabilities {acceptInsecureCerts: false, browserName: msedge, browserVersion: 115.0.1901.200, ms:edgeOptions: {debuggerAddress: localhost:49556}, msedge: {msedgedriverVersion: 115.0.1901.200 (64b0164e9f6..., userDataDir: C:\Windows\SystemTemp\scope...}, networkConnectionEnabled: false, pageLoadStrategy: normal, platformName: WINDOWS, proxy: Proxy(), se:cdp: ws://localhost:49556/devtoo..., se:cdpVersion: 115.0.1901.200, setWindowRect: true, strictFileInteractability: false, timeouts: {implicit: 0, pageLoad: 300000, script: 30000}, unhandledPromptBehavior: dismiss and notify, webauthn:extension:credBlob: true, webauthn:extension:largeBlob: true, webauthn:extension:minPinLength: true, webauthn:extension:prf: true, webauthn:virtualAuthenticators: true}
Element: [[EdgeDriver: msedge on WINDOWS (e5c981975c0b6f52f6b95049eae86f66)] -> xpath: //span[normalize-space()='Fitness Equipment']]
Session ID: e5c981975c0b6f52f6b95049eae86f66]]>
            </message>
            <full-stacktrace>
              <![CDATA[org.openqa.selenium.ElementNotInteractableException: element not interactable
  (Session info: MicrosoftEdge=115.0.1901.200)
Build info: version: '4.8.3', revision: 'e5e76298c3'
System info: os.name: 'Windows 10', os.arch: 'amd64', os.version: '10.0', java.version: '17.0.8'
Driver info: org.openqa.selenium.edge.EdgeDriver
Command: [e5c981975c0b6f52f6b95049eae86f66, clickElement {id=A911348DCCF97CCCC8EFF485689AF70B_element_5}]
Capabilities {acceptInsecureCerts: false, browserName: msedge, browserVersion: 115.0.1901.200, ms:edgeOptions: {debuggerAddress: localhost:49556}, msedge: {msedgedriverVersion: 115.0.1901.200 (64b0164e9f6..., userDataDir: C:\Windows\SystemTemp\scope...}, networkConnectionEnabled: false, pageLoadStrategy: normal, platformName: WINDOWS, proxy: Proxy(), se:cdp: ws://localhost:49556/devtoo..., se:cdpVersion: 115.0.1901.200, setWindowRect: true, strictFileInteractability: false, timeouts: {implicit: 0, pageLoad: 300000, script: 30000}, unhandledPromptBehavior: dismiss and notify, webauthn:extension:credBlob: true, webauthn:extension:largeBlob: true, webauthn:extension:minPinLength: true, webauthn:extension:prf: true, webauthn:virtualAuthenticators: true}
Element: [[EdgeDriver: msedge on WINDOWS (e5c981975c0b6f52f6b95049eae86f66)] -> xpath: //span[normalize-space()='Fitness Equipment']]
Session ID: e5c981975c0b6f52f6b95049eae86f66
at java.base/jdk.internal.reflect.NativeConstructorAccessorImpl.newInstance0(Native Method)
at java.base/jdk.internal.reflect.NativeConstructorAccessorImpl.newInstance(NativeConstructorAccessorImpl.java:77)
at java.base/jdk.internal.reflect.DelegatingConstructorAccessorImpl.newInstance(DelegatingConstructorAccessorImpl.java:45)
at java.base/java.lang.reflect.Constructor.newInstanceWithCaller(Constructor.java:499)
at java.base/java.lang.reflect.Constructor.newInstance(Constructor.java:480)
at org.openqa.selenium.remote.codec.w3c.W3CHttpResponseCodec.createException(W3CHttpResponseCodec.java:200)
at org.openqa.selenium.remote.codec.w3c.W3CHttpResponseCodec.decode(W3CHttpResponseCodec.java:133)
at org.openqa.selenium.remote.codec.w3c.W3CHttpResponseCodec.decode(W3CHttpResponseCodec.java:53)
at org.openqa.selenium.remote.HttpCommandExecutor.execute(HttpCommandExecutor.java:193)
at org.openqa.selenium.remote.service.DriverCommandExecutor.invokeExecute(DriverCommandExecutor.java:183)
at org.openqa.selenium.remote.service.DriverCommandExecutor.execute(DriverCommandExecutor.java:158)
at org.openqa.selenium.remote.RemoteWebDriver.execute(RemoteWebDriver.java:543)
at org.openqa.selenium.remote.RemoteWebElement.execute(RemoteWebElement.java:257)
at org.openqa.selenium.remote.RemoteWebElement.click(RemoteWebElement.java:78)
at com.magento.pages.GearPage.clickOnFitnessEquipment(GearPage.java:53)
at com.magento.test.GearTest.FitnessEquipmentButtonTest(GearTest.java:38)
at java.base/jdk.internal.reflect.NativeMethodAccessorImpl.invoke0(Native Method)
at java.base/jdk.internal.reflect.NativeMethodAccessorImpl.invoke(NativeMethodAccessorImpl.java:77)
at java.base/jdk.internal.reflect.DelegatingMethodAccessorImpl.invoke(DelegatingMethodAccessorImpl.java:43)
at java.base/java.lang.reflect.Method.invoke(Method.java:568)
at org.testng.internal.invokers.MethodInvocationHelper.invokeMethod(MethodInvocationHelper.java:139)
at org.testng.internal.invokers.TestInvoker.invokeMethod(TestInvoker.java:677)
at org.testng.internal.invokers.TestInvoker.invokeTestMethod(TestInvoker.java:221)
at org.testng.internal.invokers.MethodRunner.runInSequence(MethodRunner.java:50)
at org.testng.internal.invokers.TestInvoker$MethodInvocationAgent.invoke(TestInvoker.java:969)
at org.testng.internal.invokers.TestInvoker.invokeTestMethods(TestInvoker.java:194)
at org.testng.internal.invokers.TestMethodWorker.invokeTestMethods(TestMethodWorker.java:148)
at org.testng.internal.invokers.TestMethodWorker.run(TestMethodWorker.java:128)
at java.base/java.util.ArrayList.forEach(ArrayList.java:1511)
at org.testng.TestRunner.privateRun(TestRunner.java:829)
at org.testng.TestRunner.run(TestRunner.java:602)
at org.testng.SuiteRunner.runTest(SuiteRunner.java:437)
at org.testng.SuiteRunner.runSequentially(SuiteRunner.java:431)
at org.testng.SuiteRunner.privateRun(SuiteRunner.java:391)
at org.testng.SuiteRunner.run(SuiteRunner.java:330)
at org.testng.SuiteRunnerWorker.runSuite(SuiteRunnerWorker.java:52)
at org.testng.SuiteRunnerWorker.run(SuiteRunnerWorker.java:95)
at org.testng.TestNG.runSuitesSequentially(TestNG.java:1256)
at org.testng.TestNG.runSuitesLocally(TestNG.java:1176)
at org.testng.TestNG.runSuites(TestNG.java:1099)
at org.testng.TestNG.run(TestNG.java:1067)
at org.apache.maven.surefire.testng.TestNGExecutor.run(TestNGExecutor.java:77)
at org.apache.maven.surefire.testng.TestNGDirectoryTestSuite.executeMulti(TestNGDirectoryTestSuite.java:159)
at org.apache.maven.surefire.testng.TestNGDirectoryTestSuite.execute(TestNGDirectoryTestSuite.java:99)
at org.apache.maven.surefire.testng.TestNGProvider.invoke(TestNGProvider.java:106)
at java.base/jdk.internal.reflect.NativeMethodAccessorImpl.invoke0(Native Method)
at java.base/jdk.internal.reflect.NativeMethodAccessorImpl.invoke(NativeMethodAccessorImpl.java:77)
at java.base/jdk.internal.reflect.DelegatingMethodAccessorImpl.invoke(DelegatingMethodAccessorImpl.java:43)
at java.base/java.lang.reflect.Method.invoke(Method.java:568)
at org.apache.maven.surefire.util.ReflectionUtils.invokeMethodWithArray(ReflectionUtils.java:189)
at org.apache.maven.surefire.booter.ProviderFactory$ProviderProxy.invoke(ProviderFactory.java:165)
at org.apache.maven.surefire.booter.ProviderFactory.invokeProvider(ProviderFactory.java:85)
at org.apache.maven.surefire.booter.ForkedBooter.runSuitesInProcess(ForkedBooter.java:115)
at org.apache.maven.surefire.booter.ForkedBooter.main(ForkedBooter.java:75)
]]>
            </full-stacktrace>
          </exception> <!-- org.openqa.selenium.ElementNotInteractableException -->
          <reporter-output>
          </reporter-output>
        </test-method> <!-- FitnessEquipmentButtonTest -->
        <test-method is-config="true" signature="close()[pri:0, instance:com.magento.test.GearTest@61fe30]" started-at="2023-08-10T00:20:27 IST" name="close" finished-at="2023-08-10T00:20:28 IST" duration-ms="265" status="PASS">
          <reporter-output>
          </reporter-output>
        </test-method> <!-- close -->
        <test-method is-config="true" signature="inializeDriver()[pri:0, instance:com.magento.test.GearTest@61fe30]" started-at="2023-08-10T00:20:28 IST" name="inializeDriver" finished-at="2023-08-10T00:20:30 IST" duration-ms="1993" status="PASS">
          <reporter-output>
          </reporter-output>
        </test-method> <!-- inializeDriver -->
        <test-method is-config="true" signature="openUrl()[pri:0, instance:com.magento.test.GearTest@61fe30]" started-at="2023-08-10T00:20:30 IST" name="openUrl" finished-at="2023-08-10T00:20:40 IST" duration-ms="10403" status="PASS">
          <reporter-output>
          </reporter-output>
        </test-method> <!-- openUrl -->
        <test-method signature="WatchesButtonTest()[pri:0, instance:com.magento.test.GearTest@61fe30]" started-at="2023-08-10T00:20:40 IST" name="WatchesButtonTest" description="Verify Watches Button on Gear Page" finished-at="2023-08-10T00:20:45 IST" duration-ms="5422" status="PASS">
          <reporter-output>
          </reporter-output>
        </test-method> <!-- WatchesButtonTest -->
        <test-method is-config="true" signature="close()[pri:0, instance:com.magento.test.GearTest@61fe30]" started-at="2023-08-10T00:20:45 IST" name="close" finished-at="2023-08-10T00:20:46 IST" duration-ms="318" status="PASS">
          <reporter-output>
          </reporter-output>
        </test-method> <!-- close -->
      </class> <!-- com.magento.test.GearTest -->
      <class name="com.magento.test.HomeTest">
        <test-method is-config="true" signature="inializeDriver()[pri:0, instance:com.magento.test.HomeTest@7ae42ce3]" started-at="2023-08-10T00:20:46 IST" name="inializeDriver" finished-at="2023-08-10T00:20:48 IST" duration-ms="2349" status="PASS">
          <reporter-output>
          </reporter-output>
        </test-method> <!-- inializeDriver -->
        <test-method is-config="true" signature="openUrl()[pri:0, instance:com.magento.test.HomeTest@7ae42ce3]" started-at="2023-08-10T00:20:48 IST" name="openUrl" finished-at="2023-08-10T00:20:57 IST" duration-ms="8533" status="PASS">
          <reporter-output>
          </reporter-output>
        </test-method> <!-- openUrl -->
        <test-method signature="WomenButtonTest()[pri:0, instance:com.magento.test.HomeTest@7ae42ce3]" started-at="2023-08-10T00:20:57 IST" name="WomenButtonTest" description="Verify Women Button on Home Page" finished-at="2023-08-10T00:21:00 IST" duration-ms="3625" status="PASS">
          <reporter-output>
          </reporter-output>
        </test-method> <!-- WomenButtonTest -->
        <test-method is-config="true" signature="close()[pri:0, instance:com.magento.test.HomeTest@7ae42ce3]" started-at="2023-08-10T00:21:00 IST" name="close" finished-at="2023-08-10T00:21:01 IST" duration-ms="486" status="PASS">
          <reporter-output>
          </reporter-output>
        </test-method> <!-- close -->
      </class> <!-- com.magento.test.HomeTest -->
    </test> <!-- Command line test -->
  </suite> <!-- Command line suite -->
</testng-results>
