<?xml version="1.0" encoding="UTF-8"?>
<testng-results skipped="0" failed="0" ignored="0" total="10" passed="10">
  <reporter-output>
  </reporter-output>
  <suite name="Suite" duration-ms="158803" started-at="2023-07-26T11:50:09 IST" finished-at="2023-07-26T11:52:48 IST">
    <groups>
      <group name="Integration">
        <method signature="GearTest.BagButtonTest()[pri:0, instance:com.magento.test.GearTest@22f59fa]" name="BagButtonTest" class="com.magento.test.GearTest"/>
        <method signature="GearTest.FitnessEquipmentButtonTest()[pri:0, instance:com.magento.test.GearTest@22f59fa]" name="FitnessEquipmentButtonTest" class="com.magento.test.GearTest"/>
        <method signature="GearTest.WatchesButtonTest()[pri:0, instance:com.magento.test.GearTest@22f59fa]" name="WatchesButtonTest" class="com.magento.test.GearTest"/>
        <method signature="HomeTest.WomenButtonTest()[pri:0, instance:com.magento.test.HomeTest@54e041a4]" name="WomenButtonTest" class="com.magento.test.HomeTest"/>
        <method signature="SaleTest.BagsLinkTest()[pri:0, instance:com.magento.test.SaleTest@730d2164]" name="BagsLinkTest" class="com.magento.test.SaleTest"/>
        <method signature="SaleTest.FitnessEquipmentLinkTest()[pri:0, instance:com.magento.test.SaleTest@730d2164]" name="FitnessEquipmentLinkTest" class="com.magento.test.SaleTest"/>
        <method signature="SearchTest.invalidSearchTest(java.lang.String)[pri:0, instance:com.magento.test.SearchTest@78fa769e]" name="invalidSearchTest" class="com.magento.test.SearchTest"/>
        <method signature="SearchTest.validSearchTest(java.lang.String)[pri:0, instance:com.magento.test.SearchTest@78fa769e]" name="validSearchTest" class="com.magento.test.SearchTest"/>
      </group> <!-- Integration -->
      <group name="smoke">
        <method signature="GearTest.BagButtonTest()[pri:0, instance:com.magento.test.GearTest@22f59fa]" name="BagButtonTest" class="com.magento.test.GearTest"/>
        <method signature="GearTest.FitnessEquipmentButtonTest()[pri:0, instance:com.magento.test.GearTest@22f59fa]" name="FitnessEquipmentButtonTest" class="com.magento.test.GearTest"/>
        <method signature="GearTest.WatchesButtonTest()[pri:0, instance:com.magento.test.GearTest@22f59fa]" name="WatchesButtonTest" class="com.magento.test.GearTest"/>
        <method signature="HomeTest.WomenButtonTest()[pri:0, instance:com.magento.test.HomeTest@54e041a4]" name="WomenButtonTest" class="com.magento.test.HomeTest"/>
        <method signature="SaleTest.BagsLinkTest()[pri:0, instance:com.magento.test.SaleTest@730d2164]" name="BagsLinkTest" class="com.magento.test.SaleTest"/>
        <method signature="SaleTest.FitnessEquipmentLinkTest()[pri:0, instance:com.magento.test.SaleTest@730d2164]" name="FitnessEquipmentLinkTest" class="com.magento.test.SaleTest"/>
        <method signature="SearchTest.validSearchTest(java.lang.String)[pri:0, instance:com.magento.test.SearchTest@78fa769e]" name="validSearchTest" class="com.magento.test.SearchTest"/>
      </group> <!-- smoke -->
      <group name="sanity">
        <method signature="GearTest.BagButtonTest()[pri:0, instance:com.magento.test.GearTest@22f59fa]" name="BagButtonTest" class="com.magento.test.GearTest"/>
        <method signature="HomeTest.WomenButtonTest()[pri:0, instance:com.magento.test.HomeTest@54e041a4]" name="WomenButtonTest" class="com.magento.test.HomeTest"/>
        <method signature="SaleTest.FitnessEquipmentLinkTest()[pri:0, instance:com.magento.test.SaleTest@730d2164]" name="FitnessEquipmentLinkTest" class="com.magento.test.SaleTest"/>
        <method signature="SearchTest.validSearchTest(java.lang.String)[pri:0, instance:com.magento.test.SearchTest@78fa769e]" name="validSearchTest" class="com.magento.test.SearchTest"/>
      </group> <!-- sanity -->
    </groups>
    <test name="Test" duration-ms="158803" started-at="2023-07-26T11:50:09 IST" finished-at="2023-07-26T11:52:48 IST">
      <class name="com.magento.test.SearchTest">
        <test-method status="PASS" signature="inializeDriver()[pri:0, instance:com.magento.test.SearchTest@78fa769e]" name="inializeDriver" is-config="true" duration-ms="2522" started-at="2023-07-26T11:51:35 IST" finished-at="2023-07-26T11:51:37 IST">
          <reporter-output>
          </reporter-output>
        </test-method> <!-- inializeDriver -->
        <test-method status="PASS" signature="openUrl()[pri:0, instance:com.magento.test.SearchTest@78fa769e]" name="openUrl" is-config="true" duration-ms="6207" started-at="2023-07-26T11:51:37 IST" finished-at="2023-07-26T11:51:44 IST">
          <reporter-output>
          </reporter-output>
        </test-method> <!-- openUrl -->
        <test-method status="PASS" signature="invalidSearchTest(java.lang.String)[pri:0, instance:com.magento.test.SearchTest@78fa769e]" name="invalidSearchTest" duration-ms="2633" started-at="2023-07-26T11:51:44 IST" description="Verify Search functionality for Invalid Search" data-provider="Invalid Search" finished-at="2023-07-26T11:51:46 IST">
          <params>
            <param index="0">
              <value>
                <![CDATA[5yre]]>
              </value>
            </param>
          </params>
          <reporter-output>
          </reporter-output>
        </test-method> <!-- invalidSearchTest -->
        <test-method status="PASS" signature="close()[pri:0, instance:com.magento.test.SearchTest@78fa769e]" name="close" is-config="true" duration-ms="924" started-at="2023-07-26T11:51:46 IST" finished-at="2023-07-26T11:51:47 IST">
          <reporter-output>
          </reporter-output>
        </test-method> <!-- close -->
        <test-method status="PASS" signature="inializeDriver()[pri:0, instance:com.magento.test.SearchTest@78fa769e]" name="inializeDriver" is-config="true" duration-ms="2554" started-at="2023-07-26T11:51:47 IST" finished-at="2023-07-26T11:51:50 IST">
          <reporter-output>
          </reporter-output>
        </test-method> <!-- inializeDriver -->
        <test-method status="PASS" signature="openUrl()[pri:0, instance:com.magento.test.SearchTest@78fa769e]" name="openUrl" is-config="true" duration-ms="8545" started-at="2023-07-26T11:51:50 IST" finished-at="2023-07-26T11:51:58 IST">
          <reporter-output>
          </reporter-output>
        </test-method> <!-- openUrl -->
        <test-method status="PASS" signature="invalidSearchTest(java.lang.String)[pri:0, instance:com.magento.test.SearchTest@78fa769e]" name="invalidSearchTest" duration-ms="2657" started-at="2023-07-26T11:51:58 IST" description="Verify Search functionality for Invalid Search" data-provider="Invalid Search" finished-at="2023-07-26T11:52:01 IST">
          <params>
            <param index="0">
              <value>
                <![CDATA[Jaccket]]>
              </value>
            </param>
          </params>
          <reporter-output>
          </reporter-output>
        </test-method> <!-- invalidSearchTest -->
        <test-method status="PASS" signature="close()[pri:0, instance:com.magento.test.SearchTest@78fa769e]" name="close" is-config="true" duration-ms="875" started-at="2023-07-26T11:52:01 IST" finished-at="2023-07-26T11:52:02 IST">
          <reporter-output>
          </reporter-output>
        </test-method> <!-- close -->
        <test-method status="PASS" signature="inializeDriver()[pri:0, instance:com.magento.test.SearchTest@78fa769e]" name="inializeDriver" is-config="true" duration-ms="2770" started-at="2023-07-26T11:52:02 IST" finished-at="2023-07-26T11:52:05 IST">
          <reporter-output>
          </reporter-output>
        </test-method> <!-- inializeDriver -->
        <test-method status="PASS" signature="openUrl()[pri:0, instance:com.magento.test.SearchTest@78fa769e]" name="openUrl" is-config="true" duration-ms="9359" started-at="2023-07-26T11:52:05 IST" finished-at="2023-07-26T11:52:14 IST">
          <reporter-output>
          </reporter-output>
        </test-method> <!-- openUrl -->
        <test-method status="PASS" signature="validSearchTest(java.lang.String)[pri:0, instance:com.magento.test.SearchTest@78fa769e]" name="validSearchTest" duration-ms="2266" started-at="2023-07-26T11:52:14 IST" description="Verify Search functionality for Valid Search" data-provider="Valid Search" finished-at="2023-07-26T11:52:16 IST">
          <params>
            <param index="0">
              <value>
                <![CDATA[jacket]]>
              </value>
            </param>
          </params>
          <reporter-output>
          </reporter-output>
        </test-method> <!-- validSearchTest -->
        <test-method status="PASS" signature="close()[pri:0, instance:com.magento.test.SearchTest@78fa769e]" name="close" is-config="true" duration-ms="945" started-at="2023-07-26T11:52:16 IST" finished-at="2023-07-26T11:52:17 IST">
          <reporter-output>
          </reporter-output>
        </test-method> <!-- close -->
        <test-method status="PASS" signature="inializeDriver()[pri:0, instance:com.magento.test.SearchTest@78fa769e]" name="inializeDriver" is-config="true" duration-ms="2875" started-at="2023-07-26T11:52:17 IST" finished-at="2023-07-26T11:52:20 IST">
          <reporter-output>
          </reporter-output>
        </test-method> <!-- inializeDriver -->
        <test-method status="PASS" signature="openUrl()[pri:0, instance:com.magento.test.SearchTest@78fa769e]" name="openUrl" is-config="true" duration-ms="9603" started-at="2023-07-26T11:52:20 IST" finished-at="2023-07-26T11:52:30 IST">
          <reporter-output>
          </reporter-output>
        </test-method> <!-- openUrl -->
        <test-method status="PASS" signature="validSearchTest(java.lang.String)[pri:0, instance:com.magento.test.SearchTest@78fa769e]" name="validSearchTest" duration-ms="3441" started-at="2023-07-26T11:52:30 IST" description="Verify Search functionality for Valid Search" data-provider="Valid Search" finished-at="2023-07-26T11:52:33 IST">
          <params>
            <param index="0">
              <value>
                <![CDATA[Bag]]>
              </value>
            </param>
          </params>
          <reporter-output>
          </reporter-output>
        </test-method> <!-- validSearchTest -->
        <test-method status="PASS" signature="close()[pri:0, instance:com.magento.test.SearchTest@78fa769e]" name="close" is-config="true" duration-ms="936" started-at="2023-07-26T11:52:33 IST" finished-at="2023-07-26T11:52:34 IST">
          <reporter-output>
          </reporter-output>
        </test-method> <!-- close -->
      </class> <!-- com.magento.test.SearchTest -->
      <class name="com.magento.test.SaleTest">
        <test-method status="PASS" signature="inializeDriver()[pri:0, instance:com.magento.test.SaleTest@730d2164]" name="inializeDriver" is-config="true" duration-ms="5224" started-at="2023-07-26T11:50:09 IST" finished-at="2023-07-26T11:50:14 IST">
          <reporter-output>
          </reporter-output>
        </test-method> <!-- inializeDriver -->
        <test-method status="PASS" signature="openUrl()[pri:0, instance:com.magento.test.SaleTest@730d2164]" name="openUrl" is-config="true" duration-ms="6485" started-at="2023-07-26T11:50:14 IST" finished-at="2023-07-26T11:50:21 IST">
          <reporter-output>
          </reporter-output>
        </test-method> <!-- openUrl -->
        <test-method status="PASS" signature="BagsLinkTest()[pri:0, instance:com.magento.test.SaleTest@730d2164]" name="BagsLinkTest" duration-ms="5120" started-at="2023-07-26T11:50:21 IST" description="Verify Bags Link on Sale Page" finished-at="2023-07-26T11:50:26 IST">
          <reporter-output>
          </reporter-output>
        </test-method> <!-- BagsLinkTest -->
        <test-method status="PASS" signature="close()[pri:0, instance:com.magento.test.SaleTest@730d2164]" name="close" is-config="true" duration-ms="929" started-at="2023-07-26T11:50:26 IST" finished-at="2023-07-26T11:50:27 IST">
          <reporter-output>
          </reporter-output>
        </test-method> <!-- close -->
        <test-method status="PASS" signature="inializeDriver()[pri:0, instance:com.magento.test.SaleTest@730d2164]" name="inializeDriver" is-config="true" duration-ms="3064" started-at="2023-07-26T11:50:27 IST" finished-at="2023-07-26T11:50:30 IST">
          <reporter-output>
          </reporter-output>
        </test-method> <!-- inializeDriver -->
        <test-method status="PASS" signature="openUrl()[pri:0, instance:com.magento.test.SaleTest@730d2164]" name="openUrl" is-config="true" duration-ms="7604" started-at="2023-07-26T11:50:30 IST" finished-at="2023-07-26T11:50:38 IST">
          <reporter-output>
          </reporter-output>
        </test-method> <!-- openUrl -->
        <test-method status="PASS" signature="FitnessEquipmentLinkTest()[pri:0, instance:com.magento.test.SaleTest@730d2164]" name="FitnessEquipmentLinkTest" duration-ms="4992" started-at="2023-07-26T11:50:38 IST" description="Verify Fitness-Equipment Link on Sale Page" finished-at="2023-07-26T11:50:43 IST">
          <reporter-output>
          </reporter-output>
        </test-method> <!-- FitnessEquipmentLinkTest -->
        <test-method status="PASS" signature="close()[pri:0, instance:com.magento.test.SaleTest@730d2164]" name="close" is-config="true" duration-ms="939" started-at="2023-07-26T11:50:43 IST" finished-at="2023-07-26T11:50:44 IST">
          <reporter-output>
          </reporter-output>
        </test-method> <!-- close -->
      </class> <!-- com.magento.test.SaleTest -->
      <class name="com.magento.test.GearTest">
        <test-method status="PASS" signature="inializeDriver()[pri:0, instance:com.magento.test.GearTest@22f59fa]" name="inializeDriver" is-config="true" duration-ms="2902" started-at="2023-07-26T11:50:44 IST" finished-at="2023-07-26T11:50:46 IST">
          <reporter-output>
          </reporter-output>
        </test-method> <!-- inializeDriver -->
        <test-method status="PASS" signature="openUrl()[pri:0, instance:com.magento.test.GearTest@22f59fa]" name="openUrl" is-config="true" duration-ms="7928" started-at="2023-07-26T11:50:46 IST" finished-at="2023-07-26T11:50:54 IST">
          <reporter-output>
          </reporter-output>
        </test-method> <!-- openUrl -->
        <test-method status="PASS" signature="BagButtonTest()[pri:0, instance:com.magento.test.GearTest@22f59fa]" name="BagButtonTest" duration-ms="5159" started-at="2023-07-26T11:50:54 IST" description="Verify Bag Button on Gear Page" finished-at="2023-07-26T11:51:00 IST">
          <reporter-output>
          </reporter-output>
        </test-method> <!-- BagButtonTest -->
        <test-method status="PASS" signature="close()[pri:0, instance:com.magento.test.GearTest@22f59fa]" name="close" is-config="true" duration-ms="975" started-at="2023-07-26T11:51:00 IST" finished-at="2023-07-26T11:51:00 IST">
          <reporter-output>
          </reporter-output>
        </test-method> <!-- close -->
        <test-method status="PASS" signature="inializeDriver()[pri:0, instance:com.magento.test.GearTest@22f59fa]" name="inializeDriver" is-config="true" duration-ms="2722" started-at="2023-07-26T11:51:00 IST" finished-at="2023-07-26T11:51:03 IST">
          <reporter-output>
          </reporter-output>
        </test-method> <!-- inializeDriver -->
        <test-method status="PASS" signature="openUrl()[pri:0, instance:com.magento.test.GearTest@22f59fa]" name="openUrl" is-config="true" duration-ms="7595" started-at="2023-07-26T11:51:03 IST" finished-at="2023-07-26T11:51:11 IST">
          <reporter-output>
          </reporter-output>
        </test-method> <!-- openUrl -->
        <test-method status="PASS" signature="FitnessEquipmentButtonTest()[pri:0, instance:com.magento.test.GearTest@22f59fa]" name="FitnessEquipmentButtonTest" duration-ms="4812" started-at="2023-07-26T11:51:11 IST" description="Verify Fitness-Equipment Button on Gear Page" finished-at="2023-07-26T11:51:16 IST">
          <reporter-output>
          </reporter-output>
        </test-method> <!-- FitnessEquipmentButtonTest -->
        <test-method status="PASS" signature="close()[pri:0, instance:com.magento.test.GearTest@22f59fa]" name="close" is-config="true" duration-ms="977" started-at="2023-07-26T11:51:16 IST" finished-at="2023-07-26T11:51:17 IST">
          <reporter-output>
          </reporter-output>
        </test-method> <!-- close -->
        <test-method status="PASS" signature="inializeDriver()[pri:0, instance:com.magento.test.GearTest@22f59fa]" name="inializeDriver" is-config="true" duration-ms="2851" started-at="2023-07-26T11:51:17 IST" finished-at="2023-07-26T11:51:19 IST">
          <reporter-output>
          </reporter-output>
        </test-method> <!-- inializeDriver -->
        <test-method status="PASS" signature="openUrl()[pri:0, instance:com.magento.test.GearTest@22f59fa]" name="openUrl" is-config="true" duration-ms="8349" started-at="2023-07-26T11:51:19 IST" finished-at="2023-07-26T11:51:28 IST">
          <reporter-output>
          </reporter-output>
        </test-method> <!-- openUrl -->
        <test-method status="PASS" signature="WatchesButtonTest()[pri:0, instance:com.magento.test.GearTest@22f59fa]" name="WatchesButtonTest" duration-ms="6120" started-at="2023-07-26T11:51:28 IST" description="Verify Watches Button on Gear Page" finished-at="2023-07-26T11:51:34 IST">
          <reporter-output>
          </reporter-output>
        </test-method> <!-- WatchesButtonTest -->
        <test-method status="PASS" signature="close()[pri:0, instance:com.magento.test.GearTest@22f59fa]" name="close" is-config="true" duration-ms="937" started-at="2023-07-26T11:51:34 IST" finished-at="2023-07-26T11:51:35 IST">
          <reporter-output>
          </reporter-output>
        </test-method> <!-- close -->
      </class> <!-- com.magento.test.GearTest -->
      <class name="com.magento.test.HomeTest">
        <test-method status="PASS" signature="inializeDriver()[pri:0, instance:com.magento.test.HomeTest@54e041a4]" name="inializeDriver" is-config="true" duration-ms="2597" started-at="2023-07-26T11:52:34 IST" finished-at="2023-07-26T11:52:37 IST">
          <reporter-output>
          </reporter-output>
        </test-method> <!-- inializeDriver -->
        <test-method status="PASS" signature="openUrl()[pri:0, instance:com.magento.test.HomeTest@54e041a4]" name="openUrl" is-config="true" duration-ms="7157" started-at="2023-07-26T11:52:37 IST" finished-at="2023-07-26T11:52:44 IST">
          <reporter-output>
          </reporter-output>
        </test-method> <!-- openUrl -->
        <test-method status="PASS" signature="WomenButtonTest()[pri:0, instance:com.magento.test.HomeTest@54e041a4]" name="WomenButtonTest" duration-ms="3078" started-at="2023-07-26T11:52:44 IST" description="Verify Women Button on Home Page" finished-at="2023-07-26T11:52:47 IST">
          <reporter-output>
          </reporter-output>
        </test-method> <!-- WomenButtonTest -->
        <test-method status="PASS" signature="close()[pri:0, instance:com.magento.test.HomeTest@54e041a4]" name="close" is-config="true" duration-ms="1028" started-at="2023-07-26T11:52:47 IST" finished-at="2023-07-26T11:52:48 IST">
          <reporter-output>
          </reporter-output>
        </test-method> <!-- close -->
      </class> <!-- com.magento.test.HomeTest -->
    </test> <!-- Test -->
  </suite> <!-- Suite -->
</testng-results>
