<?xml version="1.0" encoding="UTF-8"?>
<testng-results ignored="0" total="10" passed="10" failed="0" skipped="0">
  <reporter-output>
  </reporter-output>
  <suite started-at="2023-08-01T20:27:39 IST" name="Default suite" finished-at="2023-08-01T20:30:31 IST" duration-ms="171152">
    <groups>
      <group name="Integration">
        <method signature="GearTest.BagButtonTest()[pri:0, instance:com.magento.test.GearTest@31198ceb]" name="BagButtonTest" class="com.magento.test.GearTest"/>
        <method signature="GearTest.FitnessEquipmentButtonTest()[pri:0, instance:com.magento.test.GearTest@31198ceb]" name="FitnessEquipmentButtonTest" class="com.magento.test.GearTest"/>
        <method signature="GearTest.WatchesButtonTest()[pri:0, instance:com.magento.test.GearTest@31198ceb]" name="WatchesButtonTest" class="com.magento.test.GearTest"/>
        <method signature="HomeTest.WomenButtonTest()[pri:0, instance:com.magento.test.HomeTest@5c371e13]" name="WomenButtonTest" class="com.magento.test.HomeTest"/>
        <method signature="SaleTest.BagsLinkTest()[pri:0, instance:com.magento.test.SaleTest@1e34c607]" name="BagsLinkTest" class="com.magento.test.SaleTest"/>
        <method signature="SaleTest.FitnessEquipmentLinkTest()[pri:0, instance:com.magento.test.SaleTest@1e34c607]" name="FitnessEquipmentLinkTest" class="com.magento.test.SaleTest"/>
        <method signature="SearchTest.invalidSearchTest(java.lang.String)[pri:0, instance:com.magento.test.SearchTest@530a8454]" name="invalidSearchTest" class="com.magento.test.SearchTest"/>
        <method signature="SearchTest.validSearchTest(java.lang.String)[pri:0, instance:com.magento.test.SearchTest@530a8454]" name="validSearchTest" class="com.magento.test.SearchTest"/>
      </group> <!-- Integration -->
      <group name="smoke">
        <method signature="GearTest.BagButtonTest()[pri:0, instance:com.magento.test.GearTest@31198ceb]" name="BagButtonTest" class="com.magento.test.GearTest"/>
        <method signature="GearTest.FitnessEquipmentButtonTest()[pri:0, instance:com.magento.test.GearTest@31198ceb]" name="FitnessEquipmentButtonTest" class="com.magento.test.GearTest"/>
        <method signature="GearTest.WatchesButtonTest()[pri:0, instance:com.magento.test.GearTest@31198ceb]" name="WatchesButtonTest" class="com.magento.test.GearTest"/>
        <method signature="HomeTest.WomenButtonTest()[pri:0, instance:com.magento.test.HomeTest@5c371e13]" name="WomenButtonTest" class="com.magento.test.HomeTest"/>
        <method signature="SaleTest.BagsLinkTest()[pri:0, instance:com.magento.test.SaleTest@1e34c607]" name="BagsLinkTest" class="com.magento.test.SaleTest"/>
        <method signature="SaleTest.FitnessEquipmentLinkTest()[pri:0, instance:com.magento.test.SaleTest@1e34c607]" name="FitnessEquipmentLinkTest" class="com.magento.test.SaleTest"/>
        <method signature="SearchTest.validSearchTest(java.lang.String)[pri:0, instance:com.magento.test.SearchTest@530a8454]" name="validSearchTest" class="com.magento.test.SearchTest"/>
      </group> <!-- smoke -->
      <group name="sanity">
        <method signature="GearTest.BagButtonTest()[pri:0, instance:com.magento.test.GearTest@31198ceb]" name="BagButtonTest" class="com.magento.test.GearTest"/>
        <method signature="HomeTest.WomenButtonTest()[pri:0, instance:com.magento.test.HomeTest@5c371e13]" name="WomenButtonTest" class="com.magento.test.HomeTest"/>
        <method signature="SaleTest.FitnessEquipmentLinkTest()[pri:0, instance:com.magento.test.SaleTest@1e34c607]" name="FitnessEquipmentLinkTest" class="com.magento.test.SaleTest"/>
        <method signature="SearchTest.validSearchTest(java.lang.String)[pri:0, instance:com.magento.test.SearchTest@530a8454]" name="validSearchTest" class="com.magento.test.SearchTest"/>
      </group> <!-- sanity -->
    </groups>
    <test started-at="2023-08-01T20:27:39 IST" name="Default test" finished-at="2023-08-01T20:30:31 IST" duration-ms="171152">
      <class name="com.magento.test.SearchTest">
        <test-method is-config="true" signature="inializeDriver()[pri:0, instance:com.magento.test.SearchTest@530a8454]" started-at="2023-08-01T20:28:09 IST" name="inializeDriver" finished-at="2023-08-01T20:28:11 IST" duration-ms="2423" status="PASS">
          <reporter-output>
          </reporter-output>
        </test-method> <!-- inializeDriver -->
        <test-method is-config="true" signature="openUrl()[pri:0, instance:com.magento.test.SearchTest@530a8454]" started-at="2023-08-01T20:28:11 IST" name="openUrl" finished-at="2023-08-01T20:28:21 IST" duration-ms="9855" status="PASS">
          <reporter-output>
          </reporter-output>
        </test-method> <!-- openUrl -->
        <test-method signature="invalidSearchTest(java.lang.String)[pri:0, instance:com.magento.test.SearchTest@530a8454]" started-at="2023-08-01T20:28:21 IST" name="invalidSearchTest" description="Verify Search functionality for Invalid Search" data-provider="Invalid Search" finished-at="2023-08-01T20:28:24 IST" duration-ms="2271" status="PASS">
          <params>
            <param index="0">
              <value>
                <![CDATA[5yre]]>
              </value>
            </param>
          </params>
          <reporter-output>
          </reporter-output>
        </test-method> <!-- invalidSearchTest -->
        <test-method is-config="true" signature="close()[pri:0, instance:com.magento.test.SearchTest@530a8454]" started-at="2023-08-01T20:28:24 IST" name="close" finished-at="2023-08-01T20:28:24 IST" duration-ms="383" status="PASS">
          <reporter-output>
          </reporter-output>
        </test-method> <!-- close -->
        <test-method is-config="true" signature="inializeDriver()[pri:0, instance:com.magento.test.SearchTest@530a8454]" started-at="2023-08-01T20:28:24 IST" name="inializeDriver" finished-at="2023-08-01T20:28:26 IST" duration-ms="2040" status="PASS">
          <reporter-output>
          </reporter-output>
        </test-method> <!-- inializeDriver -->
        <test-method is-config="true" signature="openUrl()[pri:0, instance:com.magento.test.SearchTest@530a8454]" started-at="2023-08-01T20:28:26 IST" name="openUrl" finished-at="2023-08-01T20:28:36 IST" duration-ms="10019" status="PASS">
          <reporter-output>
          </reporter-output>
        </test-method> <!-- openUrl -->
        <test-method signature="invalidSearchTest(java.lang.String)[pri:0, instance:com.magento.test.SearchTest@530a8454]" started-at="2023-08-01T20:28:36 IST" name="invalidSearchTest" description="Verify Search functionality for Invalid Search" data-provider="Invalid Search" finished-at="2023-08-01T20:28:38 IST" duration-ms="2088" status="PASS">
          <params>
            <param index="0">
              <value>
                <![CDATA[Jaccket]]>
              </value>
            </param>
          </params>
          <reporter-output>
          </reporter-output>
        </test-method> <!-- invalidSearchTest -->
        <test-method is-config="true" signature="close()[pri:0, instance:com.magento.test.SearchTest@530a8454]" started-at="2023-08-01T20:28:38 IST" name="close" finished-at="2023-08-01T20:28:38 IST" duration-ms="344" status="PASS">
          <reporter-output>
          </reporter-output>
        </test-method> <!-- close -->
        <test-method is-config="true" signature="inializeDriver()[pri:0, instance:com.magento.test.SearchTest@530a8454]" started-at="2023-08-01T20:28:38 IST" name="inializeDriver" finished-at="2023-08-01T20:28:41 IST" duration-ms="2116" status="PASS">
          <reporter-output>
          </reporter-output>
        </test-method> <!-- inializeDriver -->
        <test-method is-config="true" signature="openUrl()[pri:0, instance:com.magento.test.SearchTest@530a8454]" started-at="2023-08-01T20:28:41 IST" name="openUrl" finished-at="2023-08-01T20:28:51 IST" duration-ms="10060" status="PASS">
          <reporter-output>
          </reporter-output>
        </test-method> <!-- openUrl -->
        <test-method signature="validSearchTest(java.lang.String)[pri:0, instance:com.magento.test.SearchTest@530a8454]" started-at="2023-08-01T20:28:51 IST" name="validSearchTest" description="Verify Search functionality for Valid Search" data-provider="Valid Search" finished-at="2023-08-01T20:28:53 IST" duration-ms="1990" status="PASS">
          <params>
            <param index="0">
              <value>
                <![CDATA[jacket]]>
              </value>
            </param>
          </params>
          <reporter-output>
          </reporter-output>
        </test-method> <!-- validSearchTest -->
        <test-method is-config="true" signature="close()[pri:0, instance:com.magento.test.SearchTest@530a8454]" started-at="2023-08-01T20:28:53 IST" name="close" finished-at="2023-08-01T20:28:53 IST" duration-ms="371" status="PASS">
          <reporter-output>
          </reporter-output>
        </test-method> <!-- close -->
        <test-method is-config="true" signature="inializeDriver()[pri:0, instance:com.magento.test.SearchTest@530a8454]" started-at="2023-08-01T20:28:53 IST" name="inializeDriver" finished-at="2023-08-01T20:28:55 IST" duration-ms="2136" status="PASS">
          <reporter-output>
          </reporter-output>
        </test-method> <!-- inializeDriver -->
        <test-method is-config="true" signature="openUrl()[pri:0, instance:com.magento.test.SearchTest@530a8454]" started-at="2023-08-01T20:28:55 IST" name="openUrl" finished-at="2023-08-01T20:29:04 IST" duration-ms="8769" status="PASS">
          <reporter-output>
          </reporter-output>
        </test-method> <!-- openUrl -->
        <test-method signature="validSearchTest(java.lang.String)[pri:0, instance:com.magento.test.SearchTest@530a8454]" started-at="2023-08-01T20:29:04 IST" name="validSearchTest" description="Verify Search functionality for Valid Search" data-provider="Valid Search" finished-at="2023-08-01T20:29:08 IST" duration-ms="3809" status="PASS">
          <params>
            <param index="0">
              <value>
                <![CDATA[Bag]]>
              </value>
            </param>
          </params>
          <reporter-output>
          </reporter-output>
        </test-method> <!-- validSearchTest -->
        <test-method is-config="true" signature="close()[pri:0, instance:com.magento.test.SearchTest@530a8454]" started-at="2023-08-01T20:29:08 IST" name="close" finished-at="2023-08-01T20:29:08 IST" duration-ms="426" status="PASS">
          <reporter-output>
          </reporter-output>
        </test-method> <!-- close -->
      </class> <!-- com.magento.test.SearchTest -->
      <class name="com.magento.test.SaleTest">
        <test-method is-config="true" signature="inializeDriver()[pri:0, instance:com.magento.test.SaleTest@1e34c607]" started-at="2023-08-01T20:29:08 IST" name="inializeDriver" finished-at="2023-08-01T20:29:11 IST" duration-ms="2392" status="PASS">
          <reporter-output>
          </reporter-output>
        </test-method> <!-- inializeDriver -->
        <test-method is-config="true" signature="openUrl()[pri:0, instance:com.magento.test.SaleTest@1e34c607]" started-at="2023-08-01T20:29:11 IST" name="openUrl" finished-at="2023-08-01T20:29:17 IST" duration-ms="6328" status="PASS">
          <reporter-output>
          </reporter-output>
        </test-method> <!-- openUrl -->
        <test-method signature="BagsLinkTest()[pri:0, instance:com.magento.test.SaleTest@1e34c607]" started-at="2023-08-01T20:29:17 IST" name="BagsLinkTest" description="Verify Bags Link on Sale Page" finished-at="2023-08-01T20:29:23 IST" duration-ms="5900" status="PASS">
          <reporter-output>
          </reporter-output>
        </test-method> <!-- BagsLinkTest -->
        <test-method is-config="true" signature="close()[pri:0, instance:com.magento.test.SaleTest@1e34c607]" started-at="2023-08-01T20:29:23 IST" name="close" finished-at="2023-08-01T20:29:23 IST" duration-ms="568" status="PASS">
          <reporter-output>
          </reporter-output>
        </test-method> <!-- close -->
        <test-method is-config="true" signature="inializeDriver()[pri:0, instance:com.magento.test.SaleTest@1e34c607]" started-at="2023-08-01T20:29:23 IST" name="inializeDriver" finished-at="2023-08-01T20:29:26 IST" duration-ms="2636" status="PASS">
          <reporter-output>
          </reporter-output>
        </test-method> <!-- inializeDriver -->
        <test-method is-config="true" signature="openUrl()[pri:0, instance:com.magento.test.SaleTest@1e34c607]" started-at="2023-08-01T20:29:26 IST" name="openUrl" finished-at="2023-08-01T20:29:33 IST" duration-ms="7429" status="PASS">
          <reporter-output>
          </reporter-output>
        </test-method> <!-- openUrl -->
        <test-method signature="FitnessEquipmentLinkTest()[pri:0, instance:com.magento.test.SaleTest@1e34c607]" started-at="2023-08-01T20:29:33 IST" name="FitnessEquipmentLinkTest" description="Verify Fitness-Equipment Link on Sale Page" finished-at="2023-08-01T20:29:38 IST" duration-ms="5060" status="PASS">
          <reporter-output>
          </reporter-output>
        </test-method> <!-- FitnessEquipmentLinkTest -->
        <test-method is-config="true" signature="close()[pri:0, instance:com.magento.test.SaleTest@1e34c607]" started-at="2023-08-01T20:29:38 IST" name="close" finished-at="2023-08-01T20:29:39 IST" duration-ms="318" status="PASS">
          <reporter-output>
          </reporter-output>
        </test-method> <!-- close -->
      </class> <!-- com.magento.test.SaleTest -->
      <class name="com.magento.test.GearTest">
        <test-method is-config="true" signature="inializeDriver()[pri:0, instance:com.magento.test.GearTest@31198ceb]" started-at="2023-08-01T20:29:39 IST" name="inializeDriver" finished-at="2023-08-01T20:29:41 IST" duration-ms="2107" status="PASS">
          <reporter-output>
          </reporter-output>
        </test-method> <!-- inializeDriver -->
        <test-method is-config="true" signature="openUrl()[pri:0, instance:com.magento.test.GearTest@31198ceb]" started-at="2023-08-01T20:29:41 IST" name="openUrl" finished-at="2023-08-01T20:29:50 IST" duration-ms="8818" status="PASS">
          <reporter-output>
          </reporter-output>
        </test-method> <!-- openUrl -->
        <test-method signature="BagButtonTest()[pri:0, instance:com.magento.test.GearTest@31198ceb]" started-at="2023-08-01T20:29:50 IST" name="BagButtonTest" description="Verify Bag Button on Gear Page" finished-at="2023-08-01T20:29:55 IST" duration-ms="5599" status="PASS">
          <reporter-output>
          </reporter-output>
        </test-method> <!-- BagButtonTest -->
        <test-method is-config="true" signature="close()[pri:0, instance:com.magento.test.GearTest@31198ceb]" started-at="2023-08-01T20:29:55 IST" name="close" finished-at="2023-08-01T20:29:56 IST" duration-ms="427" status="PASS">
          <reporter-output>
          </reporter-output>
        </test-method> <!-- close -->
        <test-method is-config="true" signature="inializeDriver()[pri:0, instance:com.magento.test.GearTest@31198ceb]" started-at="2023-08-01T20:29:56 IST" name="inializeDriver" finished-at="2023-08-01T20:29:58 IST" duration-ms="2119" status="PASS">
          <reporter-output>
          </reporter-output>
        </test-method> <!-- inializeDriver -->
        <test-method is-config="true" signature="openUrl()[pri:0, instance:com.magento.test.GearTest@31198ceb]" started-at="2023-08-01T20:29:58 IST" name="openUrl" finished-at="2023-08-01T20:30:08 IST" duration-ms="10511" status="PASS">
          <reporter-output>
          </reporter-output>
        </test-method> <!-- openUrl -->
        <test-method signature="FitnessEquipmentButtonTest()[pri:0, instance:com.magento.test.GearTest@31198ceb]" started-at="2023-08-01T20:30:08 IST" name="FitnessEquipmentButtonTest" description="Verify Fitness-Equipment Button on Gear Page" finished-at="2023-08-01T20:30:14 IST" duration-ms="5448" status="PASS">
          <reporter-output>
          </reporter-output>
        </test-method> <!-- FitnessEquipmentButtonTest -->
        <test-method is-config="true" signature="close()[pri:0, instance:com.magento.test.GearTest@31198ceb]" started-at="2023-08-01T20:30:14 IST" name="close" finished-at="2023-08-01T20:30:14 IST" duration-ms="479" status="PASS">
          <reporter-output>
          </reporter-output>
        </test-method> <!-- close -->
        <test-method is-config="true" signature="inializeDriver()[pri:0, instance:com.magento.test.GearTest@31198ceb]" started-at="2023-08-01T20:30:14 IST" name="inializeDriver" finished-at="2023-08-01T20:30:16 IST" duration-ms="2101" status="PASS">
          <reporter-output>
          </reporter-output>
        </test-method> <!-- inializeDriver -->
        <test-method is-config="true" signature="openUrl()[pri:0, instance:com.magento.test.GearTest@31198ceb]" started-at="2023-08-01T20:30:16 IST" name="openUrl" finished-at="2023-08-01T20:30:26 IST" duration-ms="9331" status="PASS">
          <reporter-output>
          </reporter-output>
        </test-method> <!-- openUrl -->
        <test-method signature="WatchesButtonTest()[pri:0, instance:com.magento.test.GearTest@31198ceb]" started-at="2023-08-01T20:30:26 IST" name="WatchesButtonTest" description="Verify Watches Button on Gear Page" finished-at="2023-08-01T20:30:30 IST" duration-ms="4407" status="PASS">
          <reporter-output>
          </reporter-output>
        </test-method> <!-- WatchesButtonTest -->
        <test-method is-config="true" signature="close()[pri:0, instance:com.magento.test.GearTest@31198ceb]" started-at="2023-08-01T20:30:30 IST" name="close" finished-at="2023-08-01T20:30:31 IST" duration-ms="391" status="PASS">
          <reporter-output>
          </reporter-output>
        </test-method> <!-- close -->
      </class> <!-- com.magento.test.GearTest -->
      <class name="com.magento.test.HomeTest">
        <test-method is-config="true" signature="inializeDriver()[pri:0, instance:com.magento.test.HomeTest@5c371e13]" started-at="2023-08-01T20:27:39 IST" name="inializeDriver" finished-at="2023-08-01T20:27:56 IST" duration-ms="16459" status="PASS">
          <reporter-output>
          </reporter-output>
        </test-method> <!-- inializeDriver -->
        <test-method is-config="true" signature="openUrl()[pri:0, instance:com.magento.test.HomeTest@5c371e13]" started-at="2023-08-01T20:27:56 IST" name="openUrl" finished-at="2023-08-01T20:28:05 IST" duration-ms="9222" status="PASS">
          <reporter-output>
          </reporter-output>
        </test-method> <!-- openUrl -->
        <test-method signature="WomenButtonTest()[pri:0, instance:com.magento.test.HomeTest@5c371e13]" started-at="2023-08-01T20:28:05 IST" name="WomenButtonTest" description="Verify Women Button on Home Page" finished-at="2023-08-01T20:28:09 IST" duration-ms="3510" status="PASS">
          <reporter-output>
          </reporter-output>
        </test-method> <!-- WomenButtonTest -->
        <test-method is-config="true" signature="close()[pri:0, instance:com.magento.test.HomeTest@5c371e13]" started-at="2023-08-01T20:28:09 IST" name="close" finished-at="2023-08-01T20:28:09 IST" duration-ms="394" status="PASS">
          <reporter-output>
          </reporter-output>
        </test-method> <!-- close -->
      </class> <!-- com.magento.test.HomeTest -->
    </test> <!-- Default test -->
  </suite> <!-- Default suite -->
</testng-results>
