<?xml version="1.0" encoding="UTF-8"?>
<!-- Generated by org.testng.reporters.JUnitXMLReporter -->
<testsuite hostname="IN-PG02H7X8" ignored="4" name="Group Testing" tests="5" failures="0" timestamp="2023-05-02T09:17:05 IST" time="85.371" errors="0">
  <testcase name="BagButtonTest" time="4.973" classname="com.magento.test.GearTest"/>
  <testcase name="WomenButtonTest" time="2.163" classname="com.magento.test.HomeTest"/>
  <testcase name="FitnessEquipmentLinkTest" time="3.546" classname="com.magento.test.SaleTest"/>
  <testcase name="validSearchTest" time="2.179" classname="com.magento.test.SearchTest"/>
  <testcase name="validSearchTest" time="2.62" classname="com.magento.test.SearchTest"/>
  <testcase name="BagsLinkTest" time="0.0" classname="com.magento.test.SaleTest">
    <ignored/>
  </testcase> <!-- BagsLinkTest -->
  <testcase name="WatchesButtonTest" time="0.0" classname="com.magento.test.GearTest">
    <ignored/>
  </testcase> <!-- WatchesButtonTest -->
  <testcase name="FitnessEquipmentButtonTest" time="0.0" classname="com.magento.test.GearTest">
    <ignored/>
  </testcase> <!-- FitnessEquipmentButtonTest -->
  <testcase name="invalidSearchTest" time="0.0" classname="com.magento.test.SearchTest">
    <ignored/>
  </testcase> <!-- invalidSearchTest -->
</testsuite> <!-- Group Testing -->
